<?xml version="1.0" encoding="UTF-8"?>
<testng-results ignored="0" total="2" passed="2" failed="0" skipped="0">
  <reporter-output>
  </reporter-output>
  <suite started-at="2023-01-11T01:04:29 IST" name="Default suite" finished-at="2023-01-11T01:04:29 IST" duration-ms="65">
    <groups>
    </groups>
    <test started-at="2023-01-11T01:04:29 IST" name="Default test" finished-at="2023-01-11T01:04:29 IST" duration-ms="65">
      <class name="teamrcbpackage.TeamRCB">
        <test-method signature="foreignPlayerCount()[pri:0, instance:teamrcbpackage.TeamRCB@61dd025]" started-at="2023-01-11T01:04:29 IST" name="foreignPlayerCount" finished-at="2023-01-11T01:04:29 IST" duration-ms="33" status="PASS">
          <reporter-output>
          </reporter-output>
        </test-method> <!-- foreignPlayerCount -->
        <test-method signature="wicketKeeperCount()[pri:0, instance:teamrcbpackage.TeamRCB@61dd025]" started-at="2023-01-11T01:04:29 IST" name="wicketKeeperCount" finished-at="2023-01-11T01:04:29 IST" duration-ms="2" status="PASS">
          <reporter-output>
          </reporter-output>
        </test-method> <!-- wicketKeeperCount -->
      </class> <!-- teamrcbpackage.TeamRCB -->
    </test> <!-- Default test -->
  </suite> <!-- Default suite -->
</testng-results>
